[23:38:44] [ServerMain/INFO]: [bootstrap] Running Java 21 (OpenJDK 64-Bit Server VM 21.0.5+11-Ubuntu-1ubuntu120.04; Ubuntu null) on Linux 6.5.0-1025-azure (amd64)
[23:38:44] [ServerMain/INFO]: [bootstrap] Loading Paper 1.21.3-44-master@85bfdc0 (2024-11-19T11:26:52Z) for Minecraft 1.21.3
[23:38:44] [ServerMain/INFO]: [PluginInitializerManager] Initializing plugins...
[23:38:44] [ServerMain/INFO]: [PluginInitializerManager] Initialized 8 plugins
[23:38:44] [ServerMain/INFO]: [PluginInitializerManager] Bukkit plugins (8):
 - AutoShutdown (1.0.0), CleanPing (1.6.1), Geyser-Spigot (2.5.0-SNAPSHOT), OpenInv (5.1.3), SkinsRestorer (15.4.4), ViaBackwards (5.1.2-SNAPSHOT), ViaVersion (5.1.1), floodgate (2.2.3-SNAPSHOT (b114-83fbd6e))
[23:38:50] [ServerMain/INFO]: Environment: Environment[sessionHost=https://sessionserver.mojang.com, servicesHost=https://api.minecraftservices.com, name=PROD]
[23:38:53] [ServerMain/INFO]: Loaded 1337 recipes
[23:38:53] [ServerMain/INFO]: Loaded 1448 advancements
[23:38:53] [Server thread/INFO]: Starting minecraft server version 1.21.3
[23:38:53] [Server thread/INFO]: Loading properties
[23:38:53] [Server thread/INFO]: This server is running Paper version 1.21.3-44-master@85bfdc0 (2024-11-19T11:26:52Z) (Implementing API version 1.21.3-R0.1-SNAPSHOT)
[23:38:54] [Server thread/INFO]: [spark] This server bundles the spark profiler. For more information please visit https://docs.papermc.io/paper/profiling
[23:38:54] [Server thread/INFO]: Server Ping Player Sample Count: 12
[23:38:54] [Server thread/INFO]: Using 4 threads for Netty based IO
[23:38:55] [Server thread/INFO]: [MoonriseCommon] Paper is using 1 worker threads, 1 I/O threads
[23:38:55] [Server thread/INFO]: [ChunkTaskScheduler] Chunk system is using population gen parallelism: true
[23:38:56] [Server thread/INFO]: Default game type: SURVIVAL
[23:38:56] [Server thread/INFO]: Generating keypair
[23:38:56] [Server thread/INFO]: Starting Minecraft server on *:25565
[23:38:57] [Server thread/INFO]: Using epoll channel type
[23:38:57] [Server thread/INFO]: Paper: Using libdeflate (Linux x86_64) compression from Velocity.
[23:38:57] [Server thread/INFO]: Paper: Using OpenSSL 1.1.x (Linux x86_64) cipher from Velocity.
[23:38:59] [Server thread/INFO]: [ViaVersion] Loading server plugin ViaVersion v5.1.1
[23:38:59] [Server thread/INFO]: [ViaVersion] ViaVersion 5.1.1 is now loaded. Registering protocol transformers and injecting...
[23:38:59] [Via-Mappingloader-0/INFO]: [ViaVersion] Loading block connection mappings ...
[23:39:00] [Via-Mappingloader-0/INFO]: [ViaVersion] Using FastUtil Long2ObjectOpenHashMap for block connections
[23:39:00] [Server thread/ERROR]: [ViaBackwards] ================================
[23:39:00] [Server thread/ERROR]: [ViaBackwards] YOUR VIAVERSION IS OUTDATED (you are running 5.1.1)
[23:39:00] [Server thread/ERROR]: [ViaBackwards] PLEASE USE VIAVERSION 5.1.2 OR NEWER
[23:39:00] [Server thread/ERROR]: [ViaBackwards] LINK: https://ci.viaversion.com/
[23:39:00] [Server thread/ERROR]: [ViaBackwards] VIABACKWARDS WILL NOW DISABLE
[23:39:00] [Server thread/ERROR]: [ViaBackwards] ================================
[23:39:00] [Server thread/INFO]: [floodgate] Loading server plugin floodgate v2.2.3-SNAPSHOT (b114-83fbd6e)
[23:39:01] [Server thread/WARN]: [floodgate] en_ is not a supported Floodgate language.
[23:39:01] [Server thread/INFO]: [floodgate] Took 1,256ms to boot Floodgate
[23:39:01] [Server thread/INFO]: [ViaBackwards] Loading server plugin ViaBackwards v5.1.2-SNAPSHOT
[23:39:01] [Server thread/INFO]: [CleanPing] Loading server plugin CleanPing v1.6.1
[23:39:01] [Server thread/INFO]: [Geyser-Spigot] Loading server plugin Geyser-Spigot v2.5.0-SNAPSHOT
[23:39:02] [Server thread/INFO]: [Geyser-Spigot] Loading extensions...
[23:39:02] [Server thread/INFO]: [Geyser-Spigot] Loaded 0 extension(s)
[23:39:02] [Server thread/INFO]: [SkinsRestorer] Loading server plugin SkinsRestorer v15.4.4
[23:39:02] [Server thread/INFO]: [OpenInv] Loading server plugin OpenInv v5.1.3
[23:39:02] [Server thread/INFO]: [AutoShutdown] Loading server plugin AutoShutdown v1.0.0
[23:39:02] [Server thread/INFO]: Server permissions file permissions.yml is empty, ignoring it
[23:39:02] [Server thread/INFO]: [SkinsRestorer] Enabling SkinsRestorer v15.4.4
[23:39:03] [Server thread/WARN]: [SkinsRestorer] You must agree to the rules at 'commands.perSkinPermissionsConsent' in the config to use per skin permissions.
[23:39:03] [Server thread/INFO]: [SkinsRestorer] Running on Minecraft 1.21.3.
[23:39:03] [Server thread/INFO]: [SkinsRestorer] Floodgate skin listener registered
[23:39:04] [Server thread/INFO]: [SkinsRestorer] Using paper join listener!
[23:39:04] [Server thread/WARN]: **** SERVER IS RUNNING IN OFFLINE/INSECURE MODE!
[23:39:04] [Server thread/WARN]: The server will make no attempt to authenticate usernames. Beware.
[23:39:04] [Server thread/WARN]: While this makes the game possible to play without internet access, it also opens up the ability for hackers to connect with any username they choose.
[23:39:04] [Server thread/WARN]: To change this, set "online-mode" to "true" in the server.properties file.
[23:39:04] [Server thread/INFO]: Preparing level "world"
[23:39:04] [Folia Async Scheduler Thread #1/INFO]: [SkinsRestorer] ----------------------------------------------
[23:39:04] [Folia Async Scheduler Thread #1/INFO]: [SkinsRestorer]     +==================+
[23:39:04] [Folia Async Scheduler Thread #1/INFO]: [SkinsRestorer]     |   SkinsRestorer  |
[23:39:04] [Folia Async Scheduler Thread #1/INFO]: [SkinsRestorer]     |------------------|
[23:39:04] [Folia Async Scheduler Thread #1/INFO]: [SkinsRestorer]     |  Standalone Mode |
[23:39:04] [Folia Async Scheduler Thread #1/INFO]: [SkinsRestorer]     +==================+
[23:39:04] [Folia Async Scheduler Thread #1/INFO]: [SkinsRestorer] ----------------------------------------------
[23:39:04] [Folia Async Scheduler Thread #1/INFO]: [SkinsRestorer]     Version: 15.4.4
[23:39:04] [Folia Async Scheduler Thread #1/INFO]: [SkinsRestorer]     Commit: dc501c7
[23:39:04] [Folia Async Scheduler Thread #1/INFO]: [SkinsRestorer]     This is the latest version!
[23:39:04] [Folia Async Scheduler Thread #1/INFO]: [SkinsRestorer] ----------------------------------------------
[23:39:04] [Folia Async Scheduler Thread #1/INFO]: [SkinsRestorer] Do you have issues? Read our troubleshooting guide: https://skinsrestorer.net/docs/troubleshooting
[23:39:04] [Folia Async Scheduler Thread #1/INFO]: [SkinsRestorer] Want to support SkinsRestorer? Consider donating: https://skinsrestorer.net/donate
[23:39:05] [Server thread/INFO]: Preparing start region for dimension minecraft:overworld
[23:39:05] [Server thread/INFO]: Preparing spawn area: 0%
[23:39:05] [Server thread/INFO]: Preparing spawn area: 2%
[23:39:05] [Paper Common Worker #0/INFO]: [MCTypeRegistry] Initialising converters for DataConverter...
[23:39:06] [Paper Common Worker #0/INFO]: [MCTypeRegistry] Finished initialising converters for DataConverter in 589.7ms
[23:39:06] [Server thread/INFO]: Preparing spawn area: 2%
[23:39:07] [Server thread/INFO]: Preparing spawn area: 18%
[23:39:07] [Server thread/INFO]: Preparing spawn area: 18%
[23:39:07] [Server thread/INFO]: Time elapsed: 2081 ms
[23:39:07] [Server thread/INFO]: Preparing start region for dimension minecraft:the_nether
[23:39:07] [Server thread/INFO]: Preparing spawn area: 0%
[23:39:07] [Server thread/INFO]: Time elapsed: 350 ms
[23:39:07] [Server thread/INFO]: Preparing start region for dimension minecraft:the_end
[23:39:07] [Server thread/INFO]: Preparing spawn area: 0%
[23:39:07] [Server thread/INFO]: Time elapsed: 140 ms
[23:39:07] [Server thread/INFO]: [ViaVersion] Enabling ViaVersion v5.1.1
[23:39:07] [Server thread/INFO]: [ViaVersion] ViaVersion detected server version: 1.21.2-1.21.3 (768)
[23:39:07] [Server thread/WARN]: [ViaVersion] ViaVersion does not have any compatible versions for this server version!
[23:39:07] [Server thread/WARN]: [ViaVersion] Please remember that ViaVersion only adds support for versions newer than the server version.
[23:39:07] [Server thread/WARN]: [ViaVersion] If you need support for older versions you may need to use one or more ViaVersion addons too.
[23:39:07] [Server thread/WARN]: [ViaVersion] In that case please read the ViaVersion resource page carefully or use https://viaversion.com/setup
[23:39:07] [Server thread/WARN]: [ViaVersion] and if you're still unsure, feel free to join our Discord-Server for further assistance.
[23:39:07] [Server thread/INFO]: [floodgate] Enabling floodgate v2.2.3-SNAPSHOT (b114-83fbd6e)
[23:39:08] [Server thread/INFO]: [ViaBackwards] Enabling ViaBackwards v5.1.2-SNAPSHOT
[23:39:08] [Server thread/INFO]: [CleanPing] Enabling CleanPing v1.6.1
[23:39:08] [Server thread/INFO]: [CleanPing] 
   ___ _                 ___ _           
  / __| |___ __ _ _ _   | _ (_)_ _  __ _ 
 | (__| / -_) _` | ' \  |  _/ | ' \/ _` |
  \___|_\___\__,_|_||_| |_| |_|_||_\__, |
                                   |___/ 

[23:39:08] [Server thread/INFO]: [CleanPing] Server version: 1.21.3-R0.1-SNAPSHOT
[23:39:08] [Server thread/INFO]: [CleanPing] Loading configuration...
[23:39:08] [Server thread/INFO]: [CleanPing] Loading commands...
[23:39:08] [Server thread/INFO]: [CleanPing] Metrics loaded successfully!
[23:39:08] [Server thread/INFO]: [CleanPing] Plugin successfully loaded!
[23:39:08] [Server thread/INFO]: [Geyser-Spigot] Enabling Geyser-Spigot v2.5.0-SNAPSHOT
[23:39:09] [Server thread/INFO]: [OpenInv] Enabling OpenInv v5.1.3
[23:39:09] [Server thread/INFO]: [AutoShutdown] Enabling AutoShutdown v1.0.0
[23:39:09] [Server thread/INFO]: [spark] Starting background profiler...
[23:39:09] [Server thread/INFO]: [Geyser-Spigot] ******************************************
[23:39:09] [Server thread/INFO]: [Geyser-Spigot] 
[23:39:09] [Server thread/INFO]: [Geyser-Spigot] Loading Geyser version 2.5.0-b715 (git-master-abf6860)
[23:39:09] [Server thread/INFO]: [Geyser-Spigot] 
[23:39:09] [Server thread/INFO]: [Geyser-Spigot] ******************************************
[23:39:17] [epollEventLoopGroup-3-2/INFO]: [Geyser-Spigot] Started Geyser on UDP port 19132
[23:39:17] [Server thread/INFO]: [Geyser-Spigot] Done (8.104s)! Run /geyser help for help!
[23:39:18] [Server thread/INFO]: Done preparing level "world" (13.759s)
[23:39:18] [Server thread/INFO]: Running delayed init tasks
[23:39:18] [Server thread/INFO]: Done (35.504s)! For help, type "help"
[23:39:18] [Craft Scheduler Thread - 2 - ViaVersion/INFO]: [ViaVersion] Finished mapping loading, shutting down loader executor.
[23:39:18] [Thread-14/INFO]: [Geyser-Spigot] There's a new Geyser update available to support Bedrock version 1.21.50. Download it here: https://geysermc.org/download
[23:40:17] [Server thread/INFO]: Server empty for 60 seconds, pausing
[23:40:26] [Server thread/INFO]: Stopping the server
[23:40:26] [Server thread/INFO]: Stopping server
[23:40:26] [Server thread/INFO]: [AutoShutdown] Disabling AutoShutdown v1.0.0
[23:40:26] [Server thread/INFO]: [OpenInv] Disabling OpenInv v5.1.3
[23:40:26] [Server thread/INFO]: [SkinsRestorer] Disabling SkinsRestorer v15.4.4
[23:40:26] [Server thread/INFO]: [Geyser-Spigot] Disabling Geyser-Spigot v2.5.0-SNAPSHOT
[23:40:26] [Server thread/INFO]: [Geyser-Spigot] Shutting down Geyser.
[23:40:26] [Server thread/INFO]: [Geyser-Spigot] Geyser shutdown successfully.
[23:40:26] [Server thread/INFO]: [CleanPing] Disabling CleanPing v1.6.1
[23:40:26] [Server thread/INFO]: [CleanPing] Clearing instances...
[23:40:26] [Server thread/INFO]: [CleanPing] Plugin successfully disabled!
[23:40:26] [Server thread/INFO]: [ViaBackwards] Disabling ViaBackwards v5.1.2-SNAPSHOT
[23:40:26] [Server thread/INFO]: [floodgate] Disabling floodgate v2.2.3-SNAPSHOT (b114-83fbd6e)
[23:40:26] [Server thread/INFO]: [ViaVersion] Disabling ViaVersion v5.1.1
[23:40:26] [Server thread/INFO]: [ViaVersion] ViaVersion has been disabled; uninjected the platform and shut down the scheduler.
[23:40:26] [Server thread/INFO]: Saving players
[23:40:26] [WebSocketConnectReadThread-94/INFO]: [Geyser-Spigot] The skin uploader has been closed
[23:40:27] [Server thread/INFO]: Saving worlds
[23:40:27] [Server thread/INFO]: Saving chunks for level 'ServerLevel[world]'/minecraft:overworld
[23:40:27] [Server thread/INFO]: [ChunkHolderManager] Waiting 60s for chunk system to halt for world 'world'
[23:40:27] [Server thread/INFO]: [ChunkHolderManager] Halted chunk system for world 'world'
[23:40:27] [Server thread/INFO]: [ChunkHolderManager] Saving all chunkholders for world 'world'
[23:40:27] [Server thread/INFO]: [ChunkHolderManager] Saved 0 block chunks, 28 entity chunks, 0 poi chunks in world 'world' in 0.07s
[23:40:27] [Server thread/INFO]: [ChunkHolderManager] Waiting 60s for chunk I/O to halt for world 'world'
[23:40:27] [Server thread/INFO]: [ChunkHolderManager] Halted I/O scheduler for world 'world'
[23:40:27] [Server thread/INFO]: Saving chunks for level 'ServerLevel[world_nether]'/minecraft:the_nether
[23:40:27] [Server thread/INFO]: [ChunkHolderManager] Waiting 60s for chunk system to halt for world 'world_nether'
[23:40:27] [Server thread/INFO]: [ChunkHolderManager] Halted chunk system for world 'world_nether'
[23:40:27] [Server thread/INFO]: [ChunkHolderManager] Saving all chunkholders for world 'world_nether'
[23:40:27] [Server thread/INFO]: [ChunkHolderManager] Saved 0 block chunks, 12 entity chunks, 0 poi chunks in world 'world_nether' in 0.10s
[23:40:27] [Server thread/INFO]: [ChunkHolderManager] Waiting 60s for chunk I/O to halt for world 'world_nether'
[23:40:27] [Server thread/INFO]: [ChunkHolderManager] Halted I/O scheduler for world 'world_nether'
[23:40:27] [Server thread/INFO]: Saving chunks for level 'ServerLevel[world_the_end]'/minecraft:the_end
[23:40:27] [Server thread/INFO]: [ChunkHolderManager] Waiting 60s for chunk system to halt for world 'world_the_end'
[23:40:27] [Server thread/INFO]: [ChunkHolderManager] Halted chunk system for world 'world_the_end'
[23:40:27] [Server thread/INFO]: [ChunkHolderManager] Saving all chunkholders for world 'world_the_end'
[23:40:27] [Server thread/INFO]: [ChunkHolderManager] Saved 0 block chunks, 10 entity chunks, 0 poi chunks in world 'world_the_end' in 0.01s
[23:40:27] [Server thread/INFO]: [ChunkHolderManager] Waiting 60s for chunk I/O to halt for world 'world_the_end'
[23:40:27] [Server thread/INFO]: [ChunkHolderManager] Halted I/O scheduler for world 'world_the_end'
[23:40:27] [Server thread/INFO]: ThreadedAnvilChunkStorage (world): All chunks are saved
[23:40:27] [Server thread/INFO]: ThreadedAnvilChunkStorage (DIM-1): All chunks are saved
[23:40:27] [Server thread/INFO]: ThreadedAnvilChunkStorage (DIM1): All chunks are saved
[23:40:27] [Server thread/INFO]: ThreadedAnvilChunkStorage: All dimensions are saved
[23:40:27] [Server thread/INFO]: Waiting for I/O tasks to complete...
[23:40:27] [Server thread/INFO]: All I/O tasks to complete
[23:40:27] [Server thread/INFO]: [MoonriseCommon] Awaiting termination of worker pool for up to 60s...
[23:40:27] [Server thread/INFO]: [MoonriseCommon] Awaiting termination of I/O pool for up to 60s...
